<?xml version="1.0" encoding="UTF-8"?>
<!-- Generated by org.testng.reporters.JUnitReportReporter -->
<testsuite hostname="Swagger-PC" failures="0" tests="1" name="TestRunner.TestRunner" time="42.306" errors="0" timestamp="2023-12-06T10:25:24 IST" skipped="0">
  <testcase classname="TestRunner.TestRunner" name="runScenario" time="42.306"/>
</testsuite> <!-- TestRunner.TestRunner -->
